<?xml version="1.0" encoding="UTF-8"?>
<testng-results ignored="0" total="2" passed="2" failed="0" skipped="0">
  <reporter-output>
  </reporter-output>
  <suite started-at="2023-09-04T15:20:57 IST" name="Suite" finished-at="2023-09-04T15:21:27 IST" duration-ms="29601">
    <groups>
    </groups>
    <test started-at="2023-09-04T15:20:57 IST" name="Test" finished-at="2023-09-04T15:21:27 IST" duration-ms="29601">
      <class name="Demo.TestScenario1">
        <test-method is-config="true" signature="setUp()[pri:0, instance:Demo.TestScenario1@61386958]" started-at="2023-09-04T15:20:57 IST" name="setUp" finished-at="2023-09-04T15:20:59 IST" duration-ms="1787" status="PASS">
          <reporter-output>
          </reporter-output>
        </test-method> <!-- setUp -->
        <test-method signature="testSimple()[pri:0, instance:Demo.TestScenario1@61386958]" started-at="2023-09-04T15:20:59 IST" name="testSimple" finished-at="2023-09-04T15:21:25 IST" duration-ms="25955" status="PASS">
          <reporter-output>
          </reporter-output>
        </test-method> <!-- testSimple -->
        <test-method is-config="true" signature="tearDown()[pri:0, instance:Demo.TestScenario1@61386958]" started-at="2023-09-04T15:21:25 IST" name="tearDown" finished-at="2023-09-04T15:21:27 IST" duration-ms="1832" status="PASS">
          <reporter-output>
          </reporter-output>
        </test-method> <!-- tearDown -->
      </class> <!-- Demo.TestScenario1 -->
      <class name="Demo.TestScenario2">
        <test-method is-config="true" signature="setUp()[pri:0, instance:Demo.TestScenario2@73ee04c8]" started-at="2023-09-04T15:20:57 IST" name="setUp" finished-at="2023-09-04T15:20:59 IST" duration-ms="1517" status="PASS">
          <reporter-output>
          </reporter-output>
        </test-method> <!-- setUp -->
        <test-method signature="testSimple()[pri:0, instance:Demo.TestScenario2@73ee04c8]" started-at="2023-09-04T15:20:59 IST" name="testSimple" finished-at="2023-09-04T15:21:18 IST" duration-ms="19249" status="PASS">
          <reporter-output>
          </reporter-output>
        </test-method> <!-- testSimple -->
        <test-method is-config="true" signature="tearDown()[pri:0, instance:Demo.TestScenario2@73ee04c8]" started-at="2023-09-04T15:21:18 IST" name="tearDown" finished-at="2023-09-04T15:21:20 IST" duration-ms="1831" status="PASS">
          <reporter-output>
          </reporter-output>
        </test-method> <!-- tearDown -->
      </class> <!-- Demo.TestScenario2 -->
    </test> <!-- Test -->
  </suite> <!-- Suite -->
</testng-results>
